2016-09-07 07:51:36,454 [Worker-1] INFO  o.e.m.c.i.l.LifecycleMappingFactory - Using org.maven.ide.eclipse.wtp.WarLifecycleMapping lifecycle mapping for MavenProject: Spring-MVC:Spring-MVC:0.0.1-SNAPSHOT @ E:\Coaching\Java-Code\SpringCode\Spring-MVC\pom.xml.
2016-09-07 07:51:43,048 [Worker-4] WARN  o.e.m.c.i.embedder.EclipseLogger - Using platform encoding (Cp1252 actually) to copy filtered resources, i.e. build is platform dependent!
2016-09-07 07:51:43,055 [Worker-4] INFO  o.e.m.c.i.embedder.EclipseLogger - skip non existing resourceDirectory E:\Coaching\Java-Code\SpringCode\Spring-MVC\src\main\resources
2016-09-07 07:51:43,062 [Worker-4] WARN  o.e.m.c.i.embedder.EclipseLogger - Using platform encoding (Cp1252 actually) to copy filtered resources, i.e. build is platform dependent!
2016-09-07 07:51:43,064 [Worker-4] INFO  o.e.m.c.i.embedder.EclipseLogger - skip non existing resourceDirectory E:\Coaching\Java-Code\SpringCode\Spring-MVC\src\test\resources
2016-09-07 07:51:43,141 [Worker-1] INFO  o.e.m.j.i.AbstractJavaProjectConfigurator - Adding source folder /Spring-MVC/src
2016-09-07 07:51:43,143 [Worker-1] INFO  o.e.m.j.i.AbstractJavaProjectConfigurator - Not adding source folder /Spring-MVC/src/test/java because it overlaps with /Spring-MVC/src
2016-09-07 07:51:44,196 [Worker-11] WARN  o.e.m.c.i.embedder.EclipseLogger - Using platform encoding (Cp1252 actually) to copy filtered resources, i.e. build is platform dependent!
2016-09-07 07:51:44,214 [Worker-11] INFO  o.e.m.c.i.embedder.EclipseLogger - skip non existing resourceDirectory E:\Coaching\Java-Code\SpringCode\Spring-MVC\src\main\resources
2016-09-07 07:51:44,217 [Worker-11] WARN  o.e.m.c.i.embedder.EclipseLogger - Using platform encoding (Cp1252 actually) to copy filtered resources, i.e. build is platform dependent!
2016-09-07 07:51:44,218 [Worker-11] INFO  o.e.m.c.i.embedder.EclipseLogger - skip non existing resourceDirectory E:\Coaching\Java-Code\SpringCode\Spring-MVC\src\test\resources
2016-09-07 07:51:45,306 [Worker-6] WARN  o.e.m.c.i.embedder.EclipseLogger - Using platform encoding (Cp1252 actually) to copy filtered resources, i.e. build is platform dependent!
2016-09-07 07:51:45,307 [Worker-6] INFO  o.e.m.c.i.embedder.EclipseLogger - skip non existing resourceDirectory E:\Coaching\Java-Code\SpringCode\Spring-MVC\src\main\resources
2016-09-07 07:51:45,310 [Worker-6] WARN  o.e.m.c.i.embedder.EclipseLogger - Using platform encoding (Cp1252 actually) to copy filtered resources, i.e. build is platform dependent!
2016-09-07 07:51:45,313 [Worker-6] INFO  o.e.m.c.i.embedder.EclipseLogger - skip non existing resourceDirectory E:\Coaching\Java-Code\SpringCode\Spring-MVC\src\test\resources
2016-09-07 07:51:45,743 [Worker-1] INFO  o.e.m.c.i.p.ProjectConfigurationManager - Update started
2016-09-07 07:51:47,232 [Worker-1] INFO  o.e.m.c.i.l.LifecycleMappingFactory - Using org.maven.ide.eclipse.wtp.WarLifecycleMapping lifecycle mapping for MavenProject: Spring-MVC:Spring-MVC:0.0.1-SNAPSHOT @ E:\Coaching\Java-Code\SpringCode\Spring-MVC\pom.xml.
2016-09-07 07:51:50,258 [Worker-5] WARN  o.e.m.c.i.embedder.EclipseLogger - Using platform encoding (Cp1252 actually) to copy filtered resources, i.e. build is platform dependent!
2016-09-07 07:51:50,259 [Worker-5] INFO  o.e.m.c.i.embedder.EclipseLogger - skip non existing resourceDirectory E:\Coaching\Java-Code\SpringCode\Spring-MVC\src\main\resources
2016-09-07 07:51:50,263 [Worker-5] WARN  o.e.m.c.i.embedder.EclipseLogger - Using platform encoding (Cp1252 actually) to copy filtered resources, i.e. build is platform dependent!
2016-09-07 07:51:50,264 [Worker-5] INFO  o.e.m.c.i.embedder.EclipseLogger - skip non existing resourceDirectory E:\Coaching\Java-Code\SpringCode\Spring-MVC\src\test\resources
2016-09-07 07:51:50,265 [Worker-5] INFO  o.e.m.w.i.f.ResourceFilteringBuildParticipant - Changed resources require a complete clean of filtered resources of Spring-MVC
2016-09-07 07:51:50,266 [Worker-5] INFO  o.e.m.w.i.f.ResourceFilteringBuildParticipant - Executing resource filtering for Spring-MVC
2016-09-07 07:51:50,488 [Worker-5] WARN  o.e.m.c.i.embedder.EclipseLogger - Using platform encoding (Cp1252 actually) to copy filtered resources, i.e. build is platform dependent!
2016-09-07 07:51:50,529 [Worker-1] INFO  o.e.m.j.i.AbstractJavaProjectConfigurator - Adding source folder /Spring-MVC/src
2016-09-07 07:51:50,530 [Worker-1] INFO  o.e.m.j.i.AbstractJavaProjectConfigurator - Not adding source folder /Spring-MVC/src/test/java because it overlaps with /Spring-MVC/src
2016-09-07 07:51:50,815 [Worker-1] INFO  o.e.m.w.i.f.ResourceFilteringBuildParticipant - Cleaning filtered folder for Spring-MVC
2016-09-07 07:51:50,855 [Worker-1] INFO  o.e.m.c.i.p.ProjectConfigurationManager - Update completed: 5 sec
2016-09-07 07:51:51,591 [Worker-6] WARN  o.e.m.c.i.embedder.EclipseLogger - Using platform encoding (Cp1252 actually) to copy filtered resources, i.e. build is platform dependent!
2016-09-07 07:51:51,593 [Worker-6] INFO  o.e.m.c.i.embedder.EclipseLogger - skip non existing resourceDirectory E:\Coaching\Java-Code\SpringCode\Spring-MVC\src\main\resources
2016-09-07 07:51:51,595 [Worker-6] WARN  o.e.m.c.i.embedder.EclipseLogger - Using platform encoding (Cp1252 actually) to copy filtered resources, i.e. build is platform dependent!
2016-09-07 07:51:51,597 [Worker-6] INFO  o.e.m.c.i.embedder.EclipseLogger - skip non existing resourceDirectory E:\Coaching\Java-Code\SpringCode\Spring-MVC\src\test\resources
2016-09-07 07:51:51,597 [Worker-6] INFO  o.e.m.w.i.f.ResourceFilteringBuildParticipant - Changed resources require a complete clean of filtered resources of Spring-MVC
2016-09-07 07:51:51,597 [Worker-6] INFO  o.e.m.w.i.f.ResourceFilteringBuildParticipant - Executing resource filtering for Spring-MVC
2016-09-07 07:51:51,609 [Worker-6] WARN  o.e.m.c.i.embedder.EclipseLogger - Using platform encoding (Cp1252 actually) to copy filtered resources, i.e. build is platform dependent!
2016-09-07 07:55:00,481 [Worker-21] INFO  o.e.m.c.i.l.LifecycleMappingFactory - Using org.maven.ide.eclipse.wtp.WarLifecycleMapping lifecycle mapping for MavenProject: Spring-MVC:Spring-MVC:0.0.1-SNAPSHOT @ E:\Coaching\Java-Code\SpringCode\Spring-MVC\pom.xml.
2016-09-07 07:55:04,307 [Worker-21] WARN  o.e.m.c.i.embedder.EclipseLogger - Using platform encoding (Cp1252 actually) to copy filtered resources, i.e. build is platform dependent!
2016-09-07 07:55:04,308 [Worker-21] INFO  o.e.m.c.i.embedder.EclipseLogger - skip non existing resourceDirectory E:\Coaching\Java-Code\SpringCode\Spring-MVC\src\main\resources
2016-09-07 07:55:04,312 [Worker-21] WARN  o.e.m.c.i.embedder.EclipseLogger - Using platform encoding (Cp1252 actually) to copy filtered resources, i.e. build is platform dependent!
2016-09-07 07:55:04,313 [Worker-21] INFO  o.e.m.c.i.embedder.EclipseLogger - skip non existing resourceDirectory E:\Coaching\Java-Code\SpringCode\Spring-MVC\src\test\resources
2016-09-07 07:55:04,314 [Worker-21] INFO  o.e.m.w.i.f.ResourceFilteringBuildParticipant - Changed resources require a complete clean of filtered resources of Spring-MVC
2016-09-07 07:55:04,314 [Worker-21] INFO  o.e.m.w.i.f.ResourceFilteringBuildParticipant - Executing resource filtering for Spring-MVC
2016-09-07 07:55:04,322 [Worker-21] WARN  o.e.m.c.i.embedder.EclipseLogger - Using platform encoding (Cp1252 actually) to copy filtered resources, i.e. build is platform dependent!
2016-09-07 07:59:51,019 [Worker-25] WARN  o.e.m.c.i.embedder.EclipseLogger - Using platform encoding (Cp1252 actually) to copy filtered resources, i.e. build is platform dependent!
2016-09-07 07:59:51,021 [Worker-25] INFO  o.e.m.c.i.embedder.EclipseLogger - skip non existing resourceDirectory E:\Coaching\Java-Code\SpringCode\Spring-MVC\src\main\resources
2016-09-07 07:59:51,024 [Worker-25] WARN  o.e.m.c.i.embedder.EclipseLogger - Using platform encoding (Cp1252 actually) to copy filtered resources, i.e. build is platform dependent!
2016-09-07 07:59:51,026 [Worker-25] INFO  o.e.m.c.i.embedder.EclipseLogger - skip non existing resourceDirectory E:\Coaching\Java-Code\SpringCode\Spring-MVC\src\test\resources
2016-09-07 07:59:52,108 [Worker-8] WARN  o.e.m.c.i.embedder.EclipseLogger - Using platform encoding (Cp1252 actually) to copy filtered resources, i.e. build is platform dependent!
2016-09-07 07:59:52,110 [Worker-8] INFO  o.e.m.c.i.embedder.EclipseLogger - skip non existing resourceDirectory E:\Coaching\Java-Code\SpringCode\Spring-MVC\src\main\resources
2016-09-07 07:59:52,113 [Worker-8] WARN  o.e.m.c.i.embedder.EclipseLogger - Using platform encoding (Cp1252 actually) to copy filtered resources, i.e. build is platform dependent!
2016-09-07 07:59:52,114 [Worker-8] INFO  o.e.m.c.i.embedder.EclipseLogger - skip non existing resourceDirectory E:\Coaching\Java-Code\SpringCode\Spring-MVC\src\test\resources
2016-09-07 08:00:49,044 [Worker-29] WARN  o.e.m.c.i.embedder.EclipseLogger - Using platform encoding (Cp1252 actually) to copy filtered resources, i.e. build is platform dependent!
2016-09-07 08:00:49,046 [Worker-29] INFO  o.e.m.c.i.embedder.EclipseLogger - skip non existing resourceDirectory E:\Coaching\Java-Code\SpringCode\Spring-MVC\src\main\resources
2016-09-07 08:00:49,049 [Worker-29] WARN  o.e.m.c.i.embedder.EclipseLogger - Using platform encoding (Cp1252 actually) to copy filtered resources, i.e. build is platform dependent!
2016-09-07 08:00:49,051 [Worker-29] INFO  o.e.m.c.i.embedder.EclipseLogger - skip non existing resourceDirectory E:\Coaching\Java-Code\SpringCode\Spring-MVC\src\test\resources
2016-09-07 08:01:32,276 [Worker-23] WARN  o.e.m.c.i.embedder.EclipseLogger - Using platform encoding (Cp1252 actually) to copy filtered resources, i.e. build is platform dependent!
2016-09-07 08:01:32,278 [Worker-23] INFO  o.e.m.c.i.embedder.EclipseLogger - skip non existing resourceDirectory E:\Coaching\Java-Code\SpringCode\Spring-MVC\src\main\resources
2016-09-07 08:01:32,281 [Worker-23] WARN  o.e.m.c.i.embedder.EclipseLogger - Using platform encoding (Cp1252 actually) to copy filtered resources, i.e. build is platform dependent!
2016-09-07 08:01:32,283 [Worker-23] INFO  o.e.m.c.i.embedder.EclipseLogger - skip non existing resourceDirectory E:\Coaching\Java-Code\SpringCode\Spring-MVC\src\test\resources
2016-09-07 08:02:07,339 [Worker-29] WARN  o.e.m.c.i.embedder.EclipseLogger - Using platform encoding (Cp1252 actually) to copy filtered resources, i.e. build is platform dependent!
2016-09-07 08:02:07,341 [Worker-29] INFO  o.e.m.c.i.embedder.EclipseLogger - skip non existing resourceDirectory E:\Coaching\Java-Code\SpringCode\Spring-MVC\src\main\resources
2016-09-07 08:02:07,344 [Worker-29] WARN  o.e.m.c.i.embedder.EclipseLogger - Using platform encoding (Cp1252 actually) to copy filtered resources, i.e. build is platform dependent!
2016-09-07 08:02:07,346 [Worker-29] INFO  o.e.m.c.i.embedder.EclipseLogger - skip non existing resourceDirectory E:\Coaching\Java-Code\SpringCode\Spring-MVC\src\test\resources
2016-09-07 08:02:38,396 [Worker-31] WARN  o.e.m.c.i.embedder.EclipseLogger - Using platform encoding (Cp1252 actually) to copy filtered resources, i.e. build is platform dependent!
2016-09-07 08:02:38,399 [Worker-31] INFO  o.e.m.c.i.embedder.EclipseLogger - skip non existing resourceDirectory E:\Coaching\Java-Code\SpringCode\Spring-MVC\src\main\resources
2016-09-07 08:02:38,403 [Worker-31] WARN  o.e.m.c.i.embedder.EclipseLogger - Using platform encoding (Cp1252 actually) to copy filtered resources, i.e. build is platform dependent!
2016-09-07 08:02:38,405 [Worker-31] INFO  o.e.m.c.i.embedder.EclipseLogger - skip non existing resourceDirectory E:\Coaching\Java-Code\SpringCode\Spring-MVC\src\test\resources
2016-09-07 08:03:03,301 [Worker-28] WARN  o.e.m.c.i.embedder.EclipseLogger - Using platform encoding (Cp1252 actually) to copy filtered resources, i.e. build is platform dependent!
2016-09-07 08:03:03,303 [Worker-28] INFO  o.e.m.c.i.embedder.EclipseLogger - skip non existing resourceDirectory E:\Coaching\Java-Code\SpringCode\Spring-MVC\src\main\resources
2016-09-07 08:03:03,306 [Worker-28] WARN  o.e.m.c.i.embedder.EclipseLogger - Using platform encoding (Cp1252 actually) to copy filtered resources, i.e. build is platform dependent!
2016-09-07 08:03:03,308 [Worker-28] INFO  o.e.m.c.i.embedder.EclipseLogger - skip non existing resourceDirectory E:\Coaching\Java-Code\SpringCode\Spring-MVC\src\test\resources
2016-09-07 08:04:31,391 [Worker-8] WARN  o.e.m.c.i.embedder.EclipseLogger - Using platform encoding (Cp1252 actually) to copy filtered resources, i.e. build is platform dependent!
2016-09-07 08:04:31,393 [Worker-8] INFO  o.e.m.c.i.embedder.EclipseLogger - skip non existing resourceDirectory E:\Coaching\Java-Code\SpringCode\Spring-MVC\src\main\resources
2016-09-07 08:04:31,396 [Worker-8] WARN  o.e.m.c.i.embedder.EclipseLogger - Using platform encoding (Cp1252 actually) to copy filtered resources, i.e. build is platform dependent!
2016-09-07 08:04:31,397 [Worker-8] INFO  o.e.m.c.i.embedder.EclipseLogger - skip non existing resourceDirectory E:\Coaching\Java-Code\SpringCode\Spring-MVC\src\test\resources
2016-09-07 08:05:02,726 [Worker-24] WARN  o.e.m.c.i.embedder.EclipseLogger - Using platform encoding (Cp1252 actually) to copy filtered resources, i.e. build is platform dependent!
2016-09-07 08:05:02,728 [Worker-24] INFO  o.e.m.c.i.embedder.EclipseLogger - skip non existing resourceDirectory E:\Coaching\Java-Code\SpringCode\Spring-MVC\src\main\resources
2016-09-07 08:05:02,731 [Worker-24] WARN  o.e.m.c.i.embedder.EclipseLogger - Using platform encoding (Cp1252 actually) to copy filtered resources, i.e. build is platform dependent!
2016-09-07 08:05:02,733 [Worker-24] INFO  o.e.m.c.i.embedder.EclipseLogger - skip non existing resourceDirectory E:\Coaching\Java-Code\SpringCode\Spring-MVC\src\test\resources
2016-09-07 08:05:16,403 [Worker-23] WARN  o.e.m.c.i.embedder.EclipseLogger - Using platform encoding (Cp1252 actually) to copy filtered resources, i.e. build is platform dependent!
2016-09-07 08:05:16,405 [Worker-23] INFO  o.e.m.c.i.embedder.EclipseLogger - skip non existing resourceDirectory E:\Coaching\Java-Code\SpringCode\Spring-MVC\src\main\resources
2016-09-07 08:05:16,409 [Worker-23] WARN  o.e.m.c.i.embedder.EclipseLogger - Using platform encoding (Cp1252 actually) to copy filtered resources, i.e. build is platform dependent!
2016-09-07 08:05:16,411 [Worker-23] INFO  o.e.m.c.i.embedder.EclipseLogger - skip non existing resourceDirectory E:\Coaching\Java-Code\SpringCode\Spring-MVC\src\test\resources
2016-09-07 08:16:49,961 [Worker-35] WARN  o.e.m.c.i.embedder.EclipseLogger - Using platform encoding (Cp1252 actually) to copy filtered resources, i.e. build is platform dependent!
2016-09-07 08:16:49,963 [Worker-35] INFO  o.e.m.c.i.embedder.EclipseLogger - skip non existing resourceDirectory E:\Coaching\Java-Code\SpringCode\Spring-MVC\src\main\resources
2016-09-07 08:16:49,966 [Worker-35] WARN  o.e.m.c.i.embedder.EclipseLogger - Using platform encoding (Cp1252 actually) to copy filtered resources, i.e. build is platform dependent!
2016-09-07 08:16:49,968 [Worker-35] INFO  o.e.m.c.i.embedder.EclipseLogger - skip non existing resourceDirectory E:\Coaching\Java-Code\SpringCode\Spring-MVC\src\test\resources
2016-09-07 08:17:08,119 [Worker-31] WARN  o.e.m.c.i.embedder.EclipseLogger - Using platform encoding (Cp1252 actually) to copy filtered resources, i.e. build is platform dependent!
2016-09-07 08:17:08,121 [Worker-31] INFO  o.e.m.c.i.embedder.EclipseLogger - skip non existing resourceDirectory E:\Coaching\Java-Code\SpringCode\Spring-MVC\src\main\resources
2016-09-07 08:17:08,124 [Worker-31] WARN  o.e.m.c.i.embedder.EclipseLogger - Using platform encoding (Cp1252 actually) to copy filtered resources, i.e. build is platform dependent!
2016-09-07 08:17:08,126 [Worker-31] INFO  o.e.m.c.i.embedder.EclipseLogger - skip non existing resourceDirectory E:\Coaching\Java-Code\SpringCode\Spring-MVC\src\test\resources
